<?xml version="1.0" encoding="UTF-8"?>
<testng-results skipped="0" failed="0" ignored="0" total="1" passed="1">
  <reporter-output>
  </reporter-output>
  <suite name="inetBankingV2" duration-ms="31205" started-at="2020-08-27T10:10:56Z" finished-at="2020-08-27T10:11:27Z">
    <groups>
    </groups>
    <test name="BankingApp Test" duration-ms="31205" started-at="2020-08-27T10:10:56Z" finished-at="2020-08-27T10:11:27Z">
      <class name="com.inetBanking.testCases.TC_AddCustomerTest_003">
        <test-method status="PASS" signature="setup(java.lang.String)[pri:0, instance:com.inetBanking.testCases.TC_AddCustomerTest_003@4dfa3a9d]" name="setup" is-config="true" duration-ms="10709" started-at="2020-08-27T10:10:56Z" finished-at="2020-08-27T10:11:07Z">
          <params>
            <param index="0">
              <value>
                <![CDATA[chrome]]>
              </value>
            </param>
          </params>
          <reporter-output>
          </reporter-output>
        </test-method> <!-- setup -->
        <test-method status="PASS" signature="addNewCustomer()[pri:0, instance:com.inetBanking.testCases.TC_AddCustomerTest_003@4dfa3a9d]" name="addNewCustomer" duration-ms="17220" started-at="2020-08-27T10:11:07Z" finished-at="2020-08-27T10:11:24Z">
          <reporter-output>
          </reporter-output>
        </test-method> <!-- addNewCustomer -->
        <test-method status="PASS" signature="tearDown()[pri:0, instance:com.inetBanking.testCases.TC_AddCustomerTest_003@4dfa3a9d]" name="tearDown" is-config="true" duration-ms="3001" started-at="2020-08-27T10:11:24Z" finished-at="2020-08-27T10:11:27Z">
          <reporter-output>
          </reporter-output>
        </test-method> <!-- tearDown -->
      </class> <!-- com.inetBanking.testCases.TC_AddCustomerTest_003 -->
    </test> <!-- BankingApp Test -->
  </suite> <!-- inetBankingV2 -->
</testng-results>
